<?xml version="1.0" encoding="UTF-8"?>
<testng-results skipped="0" failed="0" ignored="0" total="1" passed="1">
  <reporter-output>
  </reporter-output>
  <suite name="Suite" duration-ms="88877" started-at="2019-08-27T08:31:04Z" finished-at="2019-08-27T08:32:33Z">
    <groups>
    </groups>
    <test name="Test" duration-ms="88877" started-at="2019-08-27T08:31:04Z" finished-at="2019-08-27T08:32:33Z">
      <class name="demo.TestDemo">
        <test-method status="PASS" signature="demo()[pri:0, instance:demo.TestDemo@21bcffb5]" name="demo" duration-ms="88851" started-at="2019-08-27T08:31:04Z" finished-at="2019-08-27T08:32:33Z">
          <reporter-output>
          </reporter-output>
        </test-method> <!-- demo -->
      </class> <!-- demo.TestDemo -->
    </test> <!-- Test -->
  </suite> <!-- Suite -->
</testng-results>
